<?xml version="1.0" encoding="UTF-8"?>
<coverage generated="1657647325344" clover="3.2.0">
  <project timestamp="1657647325345" name="All files">
    <metrics statements="8" coveredstatements="4" conditionals="0" coveredconditionals="0" methods="4" coveredmethods="1" elements="12" coveredelements="5" complexity="0" loc="8" ncloc="8" packages="1" files="1" classes="1"/>
    <file name="useRerenderListener.ts" path="D:\code\RnxKitExample\src\useRerenderListener.ts">
      <metrics statements="8" coveredstatements="4" conditionals="0" coveredconditionals="0" methods="4" coveredmethods="1"/>
      <line num="16" count="1" type="stmt"/>
      <line num="25" count="1" type="stmt"/>
      <line num="28" count="0" type="stmt"/>
      <line num="31" count="1" type="stmt"/>
      <line num="32" count="0" type="stmt"/>
      <line num="33" count="0" type="stmt"/>
      <line num="34" count="0" type="stmt"/>
      <line num="38" count="1" type="stmt"/>
    </file>
  </project>
</coverage>
