{"D:\\code\\RnxKitExample\\src\\useRerenderListener.ts": {"path":"D:\\code\\RnxKitExample\\src\\useRerenderListener.ts","statementMap":{"0":{"start":{"line":16,"column":49},"end":{"line":16,"column":66}},"1":{"start":{"line":25,"column":38},"end":{"line":25,"column":50}},"2":{"start":{"line":28,"column":4},"end":{"line":28,"column":29}},"3":{"start":{"line":31,"column":2},"end":{"line":36,"column":9}},"4":{"start":{"line":32,"column":4},"end":{"line":32,"column":48}},"5":{"start":{"line":33,"column":4},"end":{"line":35,"column":6}},"6":{"start":{"line":34,"column":6},"end":{"line":34,"column":51}},"7":{"start":{"line":38,"column":2},"end":{"line":38,"column":24}}},"fnMap":{"0":{"name":"useRerenderListener","decl":{"start":{"line":24,"column":16},"end":{"line":24,"column":35}},"loc":{"start":{"line":24,"column":79},"end":{"line":39,"column":1}},"line":24},"1":{"name":"handler","decl":{"start":{"line":27,"column":11},"end":{"line":27,"column":18}},"loc":{"start":{"line":27,"column":27},"end":{"line":29,"column":3}},"line":27},"2":{"name":"(anonymous_2)","decl":{"start":{"line":31,"column":12},"end":{"line":31,"column":13}},"loc":{"start":{"line":31,"column":18},"end":{"line":36,"column":3}},"line":31},"3":{"name":"(anonymous_3)","decl":{"start":{"line":33,"column":11},"end":{"line":33,"column":12}},"loc":{"start":{"line":33,"column":17},"end":{"line":35,"column":5}},"line":33}},"branchMap":{},"s":{"0":1,"1":1,"2":0,"3":1,"4":0,"5":0,"6":0,"7":1},"f":{"0":1,"1":0,"2":0,"3":0},"b":{},"_coverageSchema":"1a1c01bbd47fc00a2c39e90264f33305004495a9","hash":"f6a2bd85b7c698efd895028fc8dabd3c00d3838b"}
}
